<?xml version="1.0" encoding="UTF-8"?>
<testsuite xmlns:xsi="http://www.w3.org/2001/XMLSchema-instance" xsi:noNamespaceSchemaLocation="https://maven.apache.org/surefire/maven-surefire-plugin/xsd/surefire-test-report.xsd" version="3.0.2" name="com.busquedas.BusquedaBinariaTest" time="0.042" tests="7" errors="0" skipped="0" failures="0">
  <properties>
[...]
</properties>
  <testcase name="testBusquedaNormal" classname="com.busquedas.BusquedaBinariaTest" time="0.017"/>
  <testcase name="testMatrizVacia" classname="com.busquedas.BusquedaBinariaTest" time="0.001"/>
  <testcase name="testYaOrdenado" classname="com.busquedas.BusquedaBinariaTest" time="0.001"/>
  <testcase name="testElementosRepetidos" classname="com.busquedas.BusquedaBinariaTest" time="0.0"/>
  <testcase name="testUnElemento" classname="com.busquedas.BusquedaBinariaTest" time="0.001"/>
  <testcase name="testOrdenInverso" classname="com.busquedas.BusquedaBinariaTest" time="0.001"/>
  <testcase name="testElementoNoExiste" classname="com.busquedas.BusquedaBinariaTest" time="0.001"/>
</testsuite>